<?xml version="1.0" encoding="UTF-8"?>
<!-- Generated by org.testng.reporters.JUnitReportReporter -->
<testsuite hostname="LAPTOP-ERM50F7V" failures="0" tests="1" name="com.in.ExcelRAutomationProjectBrowserLunch.verifyaddress" time="28.801" errors="0" timestamp="2024-03-25T14:36:45 IST" skipped="0">
  <testcase classname="com.in.ExcelRAutomationProjectBrowserLunch.verifyaddress" name="registermethod" time="28.801"/>
  <system-out/>
</testsuite> <!-- com.in.ExcelRAutomationProjectBrowserLunch.verifyaddress -->
