<?xml version="1.0" encoding="UTF-8"?>
<!-- Generated by org.testng.reporters.JUnitReportReporter -->
<testsuite hostname="LAPTOP-ERM50F7V" failures="0" tests="1" name="com.in.ExcelRAutomationProjectBrowserLunch.downloadinvice" time="41.418" errors="0" timestamp="2024-03-25T12:11:07 IST" skipped="0">
  <testcase classname="com.in.ExcelRAutomationProjectBrowserLunch.downloadinvice" name="registermethod" time="41.418"/>
  <system-out/>
</testsuite> <!-- com.in.ExcelRAutomationProjectBrowserLunch.downloadinvice -->
