<?xml version="1.0" encoding="UTF-8"?>
<!-- Generated by org.testng.reporters.JUnitReportReporter -->
<testsuite hostname="LAPTOP-ERM50F7V" failures="0" tests="1" name="com.in.ExcelRAutomationProjectBrowserLunch.contactusform" time="9.245" errors="0" timestamp="2024-03-18T20:30:37 IST" skipped="0">
  <testcase classname="com.in.ExcelRAutomationProjectBrowserLunch.contactusform" name="contactusfor" time="9.245"/>
  <system-out/>
</testsuite> <!-- com.in.ExcelRAutomationProjectBrowserLunch.contactusform -->
