<?xml version="1.0" encoding="UTF-8"?>
<!-- Generated by org.testng.reporters.JUnitReportReporter -->
<testsuite hostname="LAPTOP-ERM50F7V" failures="0" tests="1" name="com.in.ExcelRAutomationProjectBrowserLunch.loginuserinvalidemailpasswod" time="10.081" errors="0" timestamp="2024-03-18T20:33:47 IST" skipped="0">
  <testcase classname="com.in.ExcelRAutomationProjectBrowserLunch.loginuserinvalidemailpasswod" name="incorrectpasword" time="10.081"/>
  <system-out/>
</testsuite> <!-- com.in.ExcelRAutomationProjectBrowserLunch.loginuserinvalidemailpasswod -->
