<?xml version="1.0" encoding="UTF-8"?>
<!-- Generated by org.testng.reporters.JUnitReportReporter -->
<testsuite hostname="LAPTOP-ERM50F7V" failures="0" tests="1" name="com.in.ExcelRAutomationProjectBrowserLunch.addreviewproduct" time="15.150" errors="0" timestamp="2024-03-24T18:37:55 IST" skipped="0">
  <testcase classname="com.in.ExcelRAutomationProjectBrowserLunch.addreviewproduct" name="registermethod" time="15.150"/>
  <system-out/>
</testsuite> <!-- com.in.ExcelRAutomationProjectBrowserLunch.addreviewproduct -->
