<?xml version="1.0" encoding="UTF-8"?>
<!-- Generated by org.testng.reporters.JUnitReportReporter -->
<testsuite hostname="LAPTOP-ERM50F7V" failures="0" tests="1" name="com.in.ExcelRAutomationProjectBrowserLunch.CartSubscription" time="9.196" errors="0" timestamp="2024-03-18T20:30:17 IST" skipped="0">
  <testcase classname="com.in.ExcelRAutomationProjectBrowserLunch.CartSubscription" name="productdetailpage" time="9.196"/>
  <system-out/>
</testsuite> <!-- com.in.ExcelRAutomationProjectBrowserLunch.CartSubscription -->
