<?xml version="1.0" encoding="UTF-8"?>
<!-- Generated by org.testng.reporters.JUnitReportReporter -->
<testsuite hostname="LAPTOP-ERM50F7V" failures="0" tests="1" name="com.in.ExcelRAutomationProjectBrowserLunch.Subscription" time="8.210" errors="0" timestamp="2024-03-18T20:29:19 IST" skipped="0">
  <testcase classname="com.in.ExcelRAutomationProjectBrowserLunch.Subscription" name="productdetailpage" time="8.210"/>
  <system-out/>
</testsuite> <!-- com.in.ExcelRAutomationProjectBrowserLunch.Subscription -->
