<?xml version="1.0" encoding="UTF-8"?>
<!-- Generated by org.testng.reporters.JUnitReportReporter -->
<testsuite hostname="LAPTOP-ERM50F7V" failures="0" tests="1" name="com.in.ExcelRAutomationProjectBrowserLunch.searchproductcart" time="25.967" errors="0" timestamp="2024-03-23T22:30:22 IST" skipped="0">
  <testcase classname="com.in.ExcelRAutomationProjectBrowserLunch.searchproductcart" name="productdetailpage" time="25.967"/>
  <system-out/>
</testsuite> <!-- com.in.ExcelRAutomationProjectBrowserLunch.searchproductcart -->
