<?xml version="1.0" encoding="UTF-8"?>
<!-- Generated by org.testng.reporters.JUnitReportReporter -->
<testsuite hostname="LAPTOP-ERM50F7V" failures="0" tests="1" name="com.in.ExcelRAutomationProjectBrowserLunch.addcrtrecommendeditems" time="10.823" errors="0" timestamp="2024-03-25T10:33:53 IST" skipped="0">
  <testcase classname="com.in.ExcelRAutomationProjectBrowserLunch.addcrtrecommendeditems" name="addcart" time="10.823"/>
  <system-out/>
</testsuite> <!-- com.in.ExcelRAutomationProjectBrowserLunch.addcrtrecommendeditems -->
