<?xml version="1.0" encoding="UTF-8"?>
<!-- Generated by org.testng.reporters.JUnitReportReporter -->
<testsuite hostname="LAPTOP-ERM50F7V" failures="0" tests="1" name="com.in.ExcelRAutomationProjectBrowserLunch.ProductQuantityincart" time="17.633" errors="0" timestamp="2024-03-24T18:08:32 IST" skipped="0">
  <testcase classname="com.in.ExcelRAutomationProjectBrowserLunch.ProductQuantityincart" name="productdetailpage" time="17.633"/>
  <system-out/>
</testsuite> <!-- com.in.ExcelRAutomationProjectBrowserLunch.ProductQuantityincart -->
