<?xml version="1.0" encoding="UTF-8"?>
<!-- Generated by org.testng.reporters.JUnitReportReporter -->
<testsuite hostname="LAPTOP-ERM50F7V" failures="0" tests="1" name="com.in.ExcelRAutomationProjectBrowserLunch.productremovecart" time="31.106" errors="0" timestamp="2024-03-22T19:00:22 IST" skipped="0">
  <testcase classname="com.in.ExcelRAutomationProjectBrowserLunch.productremovecart" name="addcart" time="31.106"/>
  <system-out/>
</testsuite> <!-- com.in.ExcelRAutomationProjectBrowserLunch.productremovecart -->
