<?xml version="1.0" encoding="UTF-8"?>
<!-- Generated by org.testng.reporters.JUnitReportReporter -->
<testsuite hostname="LAPTOP-ERM50F7V" failures="0" tests="2" name="com.in.ExcelRAutomationProjectBrowserLunch.RegisterExisting" time="26.403" errors="0" timestamp="2024-03-18T20:51:16 IST" skipped="0">
  <testcase classname="com.in.ExcelRAutomationProjectBrowserLunch.RegisterExisting" name="correctmailpassword" time="17.079"/>
  <system-out/>
  <testcase classname="com.in.ExcelRAutomationProjectBrowserLunch.RegisterExisting" name="registeralready" time="9.324"/>
  <system-out/>
</testsuite> <!-- com.in.ExcelRAutomationProjectBrowserLunch.RegisterExisting -->
