<?xml version="1.0" encoding="UTF-8"?>
<!-- Generated by org.testng.reporters.JUnitReportReporter -->
<testsuite hostname="LAPTOP-ERM50F7V" failures="0" tests="1" name="com.in.ExcelRAutomationProjectBrowserLunch.TestCasesVerify" time="7.815" errors="0" timestamp="2024-03-18T20:28:29 IST" skipped="0">
  <testcase classname="com.in.ExcelRAutomationProjectBrowserLunch.TestCasesVerify" name="testcaseverifypage" time="7.815"/>
  <system-out/>
</testsuite> <!-- com.in.ExcelRAutomationProjectBrowserLunch.TestCasesVerify -->
