<?xml version="1.0" encoding="UTF-8"?>
<!-- Generated by org.testng.reporters.JUnitReportReporter -->
<testsuite hostname="LAPTOP-ERM50F7V" failures="0" tests="1" name="com.in.ExcelRAutomationProjectBrowserLunch.Productdetail" time="19.656" errors="0" timestamp="2024-03-18T20:31:16 IST" skipped="0">
  <testcase classname="com.in.ExcelRAutomationProjectBrowserLunch.Productdetail" name="productdetailpage" time="19.656"/>
  <system-out/>
</testsuite> <!-- com.in.ExcelRAutomationProjectBrowserLunch.Productdetail -->
