<?xml version="1.0" encoding="UTF-8"?>
<!-- Generated by org.testng.reporters.JUnitReportReporter -->
<testsuite hostname="LAPTOP-ERM50F7V" failures="0" tests="1" name="com.in.ExcelRAutomationProjectBrowserLunch.logoutuser" time="19.530" errors="0" timestamp="2024-03-18T21:15:11 IST" skipped="0">
  <testcase classname="com.in.ExcelRAutomationProjectBrowserLunch.logoutuser" name="correctmailpassword" time="19.530"/>
  <system-out/>
</testsuite> <!-- com.in.ExcelRAutomationProjectBrowserLunch.logoutuser -->
