<?xml version="1.0" encoding="UTF-8"?>
<!-- Generated by org.testng.reporters.JUnitReportReporter -->
<testsuite hostname="LAPTOP-ERM50F7V" failures="0" tests="1" name="com.in.ExcelRAutomationProjectBrowserLunch.loginuserwithcorrectmailpassword" time="19.340" errors="0" timestamp="2024-03-23T22:13:58 IST" skipped="0">
  <testcase classname="com.in.ExcelRAutomationProjectBrowserLunch.loginuserwithcorrectmailpassword" name="correctmailpassword" time="19.340"/>
  <system-out/>
</testsuite> <!-- com.in.ExcelRAutomationProjectBrowserLunch.loginuserwithcorrectmailpassword -->
