<?xml version="1.0" encoding="UTF-8"?>
<!-- Generated by org.testng.reporters.JUnitReportReporter -->
<testsuite hostname="LAPTOP-ERM50F7V" failures="0" tests="1" name="com.in.ExcelRAutomationProjectBrowserLunch.RegisterUser" time="40.797" errors="0" timestamp="2024-03-22T13:39:32 IST" skipped="0">
  <testcase classname="com.in.ExcelRAutomationProjectBrowserLunch.RegisterUser" name="registeruser" time="40.797"/>
  <system-out/>
</testsuite> <!-- com.in.ExcelRAutomationProjectBrowserLunch.RegisterUser -->
